<!DOCTYPE html>

<html>
  <head>
  <meta charset='utf-8'>
  <title>TestNG reports</title>

    <link type="text/css" href="testng-reports.css" rel="stylesheet" />
    <script type="text/javascript" src="jquery-1.7.1.min.js"></script>
    <script type="text/javascript" src="testng-reports.js"></script>
    <script type="text/javascript" src="https://www.google.com/jsapi"></script>
    <script type='text/javascript'>
      google.load('visualization', '1', {packages:['table']});
      google.setOnLoadCallback(drawTable);
      var suiteTableInitFunctions = new Array();
      var suiteTableData = new Array();
    </script>
    <!--
      <script type="text/javascript" src="jquery-ui/js/jquery-ui-1.8.16.custom.min.js"></script>
     -->
  </head>

  <body>
    <div class="top-banner-root">
      <span class="top-banner-title-font">Test results</span>
      <br/>
      <span class="top-banner-font-1">1 suite, 2 failed tests</span>
    </div> <!-- top-banner-root -->
    <div class="navigator-root">
      <div class="navigator-suite-header">
        <span>All suites</span>
        <a href="#" class="collapse-all-link" title="Collapse/expand all the suites">
          <img class="collapse-all-icon" src="collapseall.gif">
          </img> <!-- collapse-all-icon -->
        </a> <!-- collapse-all-link -->
      </div> <!-- navigator-suite-header -->
      <div class="suite">
        <div class="rounded-window">
          <div class="suite-header light-rounded-window-top">
            <a href="#" class="navigator-link" panel-name="suite-run_tests_in_parallel">
              <span class="suite-name border-failed">run tests in parallel</span>
            </a> <!-- navigator-link -->
          </div> <!-- suite-header light-rounded-window-top -->
          <div class="navigator-suite-content">
            <div class="suite-section-title">
              <span>Info</span>
            </div> <!-- suite-section-title -->
            <div class="suite-section-content">
              <ul>
                <li>
                  <a href="#" class="navigator-link " panel-name="test-xml-run_tests_in_parallel">
                    <span>D:\cucumber_testng_java\src\test\resources\TestNGRunTestSuite.xml</span>
                  </a> <!-- navigator-link  -->
                </li>
                <li>
                  <a href="#" class="navigator-link " panel-name="testlist-run_tests_in_parallel">
                    <span class="test-stats">2 tests</span>
                  </a> <!-- navigator-link  -->
                </li>
                <li>
                  <a href="#" class="navigator-link " panel-name="group-run_tests_in_parallel">
                    <span>1 group</span>
                  </a> <!-- navigator-link  -->
                </li>
                <li>
                  <a href="#" class="navigator-link " panel-name="times-run_tests_in_parallel">
                    <span>Times</span>
                  </a> <!-- navigator-link  -->
                </li>
                <li>
                  <a href="#" class="navigator-link " panel-name="reporter-run_tests_in_parallel">
                    <span>Reporter output</span>
                  </a> <!-- navigator-link  -->
                </li>
                <li>
                  <a href="#" class="navigator-link " panel-name="ignored-methods-run_tests_in_parallel">
                    <span>Ignored methods</span>
                  </a> <!-- navigator-link  -->
                </li>
                <li>
                  <a href="#" class="navigator-link " panel-name="chronological-run_tests_in_parallel">
                    <span>Chronological view</span>
                  </a> <!-- navigator-link  -->
                </li>
              </ul>
            </div> <!-- suite-section-content -->
            <div class="result-section">
              <div class="suite-section-title">
                <span>Results</span>
              </div> <!-- suite-section-title -->
              <div class="suite-section-content">
                <ul>
                  <li>
                    <span class="method-stats">6 methods, 2 failed,   4 passed</span>
                  </li>
                  <li>
                    <span class="method-list-title failed">Failed methods</span>
                    <span class="show-or-hide-methods failed">
                      <a href="#" panel-name="suite-run_tests_in_parallel" class="hide-methods failed suite-run_tests_in_parallel"> (hide)</a> <!-- hide-methods failed suite-run_tests_in_parallel -->
                      <a href="#" panel-name="suite-run_tests_in_parallel" class="show-methods failed suite-run_tests_in_parallel"> (show)</a> <!-- show-methods failed suite-run_tests_in_parallel -->
                    </span>
                    <div class="method-list-content failed suite-run_tests_in_parallel">
                      <span>
                        <img width="3%" src="failed.png"/>
                        <a href="#" class="method navigator-link" panel-name="suite-run_tests_in_parallel" title="com.gk.test.RunWebATSuite" hash-for-method="runScenario(&quot;Negative combinations for user login scenarios&quot;, &quot;REGISTER:- As a new customer I would like to regi...)">runScenario("Negative combinations for user login scenarios", "REGISTER:- As a new customer I would like to regi...)</a> <!-- method navigator-link -->
                      </span>
                      <br/>
                      <span>
                        <img width="3%" src="failed.png"/>
                        <a href="#" class="method navigator-link" panel-name="suite-run_tests_in_parallel" title="com.gk.test.RunWebATSuite" hash-for-method="runScenario(&quot;Negative combinations for user login scenarios&quot;, &quot;REGISTER:- As a new customer I would like to regi...)">runScenario("Negative combinations for user login scenarios", "REGISTER:- As a new customer I would like to regi...)</a> <!-- method navigator-link -->
                      </span>
                      <br/>
                    </div> <!-- method-list-content failed suite-run_tests_in_parallel -->
                  </li>
                  <li>
                    <span class="method-list-title passed">Passed methods</span>
                    <span class="show-or-hide-methods passed">
                      <a href="#" panel-name="suite-run_tests_in_parallel" class="hide-methods passed suite-run_tests_in_parallel"> (hide)</a> <!-- hide-methods passed suite-run_tests_in_parallel -->
                      <a href="#" panel-name="suite-run_tests_in_parallel" class="show-methods passed suite-run_tests_in_parallel"> (show)</a> <!-- show-methods passed suite-run_tests_in_parallel -->
                    </span>
                    <div class="method-list-content passed suite-run_tests_in_parallel">
                      <span>
                        <img width="3%" src="passed.png"/>
                        <a href="#" class="method navigator-link" panel-name="suite-run_tests_in_parallel" title="com.gk.test.RunApiATSuite" hash-for-method="runScenario(&quot;Get Details&quot;, &quot;Sample Api tests to demonstrate CRUD operation&quot;)">runScenario("Get Details", "Sample Api tests to demonstrate CRUD operation")</a> <!-- method navigator-link -->
                      </span>
                      <br/>
                      <span>
                        <img width="3%" src="passed.png"/>
                        <a href="#" class="method navigator-link" panel-name="suite-run_tests_in_parallel" title="com.gk.test.RunApiATSuite" hash-for-method="runScenario(&quot;Update an Item&quot;, &quot;Sample Api tests to demonstrate CRUD operation&quot;)">runScenario("Update an Item", "Sample Api tests to demonstrate CRUD operation")</a> <!-- method navigator-link -->
                      </span>
                      <br/>
                      <span>
                        <img width="3%" src="passed.png"/>
                        <a href="#" class="method navigator-link" panel-name="suite-run_tests_in_parallel" title="com.gk.test.RunApiATSuite" hash-for-method="runScenario(&quot;Delete an Item&quot;, &quot;Sample Api tests to demonstrate CRUD operation&quot;)">runScenario("Delete an Item", "Sample Api tests to demonstrate CRUD operation")</a> <!-- method navigator-link -->
                      </span>
                      <br/>
                      <span>
                        <img width="3%" src="passed.png"/>
                        <a href="#" class="method navigator-link" panel-name="suite-run_tests_in_parallel" title="com.gk.test.RunApiATSuite" hash-for-method="runScenario(&quot;Add an Item&quot;, &quot;Sample Api tests to demonstrate CRUD operation&quot;)">runScenario("Add an Item", "Sample Api tests to demonstrate CRUD operation")</a> <!-- method navigator-link -->
                      </span>
                      <br/>
                    </div> <!-- method-list-content passed suite-run_tests_in_parallel -->
                  </li>
                </ul>
              </div> <!-- suite-section-content -->
            </div> <!-- result-section -->
          </div> <!-- navigator-suite-content -->
        </div> <!-- rounded-window -->
      </div> <!-- suite -->
    </div> <!-- navigator-root -->
    <div class="wrapper">
      <div class="main-panel-root">
        <div panel-name="suite-run_tests_in_parallel" class="panel run_tests_in_parallel">
          <div class="suite-run_tests_in_parallel-class-failed">
            <div class="main-panel-header rounded-window-top">
              <img src="failed.png"/>
              <span class="class-name">com.gk.test.RunWebATSuite</span>
            </div> <!-- main-panel-header rounded-window-top -->
            <div class="main-panel-content rounded-window-bottom">
              <div class="method">
                <div class="method-content">
                  <a name="runScenario(&quot;Negative combinations for user login scenarios&quot;, &quot;REGISTER:- As a new customer I would like to regi...)">
                  </a> <!-- runScenario("Negative combinations for user login scenarios", "REGISTER:- As a new customer I would like to regi...) -->
                  <span class="method-name">runScenario</span>
                  <span class="parameters">("Negative combinations for user login scenarios", "REGISTER:- As a new customer I would like to register so I can : -")</span>
                  <div class="stack-trace">org.openqa.selenium.TimeoutException: Expected condition failed: waiting for com.gk.test.framework.PageObject$$Lambda$210/1815136224@5a7f72e2 (tried for 10 second(s) with 500 milliseconds interval)
	at org.openqa.selenium.support.ui.WebDriverWait.timeoutException(WebDriverWait.java:95)
	at org.openqa.selenium.support.ui.FluentWait.until(FluentWait.java:272)
	at com.gk.test.framework.PageObject.waitForExpectedElement(PageObject.java:102)
	at com.gk.test.page_objects.gui.HomePage.clickSignInLink(HomePage.java:18)
	at com.gk.test.step_definitions.gui.HomePageSteps.i_click_on_the_Home_Page(HomePageSteps.java:19)
	at ✽.i click &quot;SIGN_IN&quot; on the Home Page(file:target/test-classes/features/web/WebRegister.feature:23)
Caused by: org.openqa.selenium.NoSuchElementException: no such element: Unable to locate element: {&quot;method&quot;:&quot;xpath&quot;,&quot;selector&quot;:&quot;//input[@id=&apos;identifierId&apos;]&quot;}
  (Session info: chrome=93.0.4577.82)
For documentation on this error, please visit: https://www.seleniumhq.org/exceptions/no_such_element.html
Build info: version: &apos;3.141.59&apos;, revision: &apos;e82be7d358&apos;, time: &apos;2018-11-14T08:17:03&apos;
System info: host: &apos;LTSIPL0-SAMEER&apos;, ip: &apos;192.168.154.1&apos;, os.name: &apos;Windows 10&apos;, os.arch: &apos;amd64&apos;, os.version: &apos;10.0&apos;, java.version: &apos;1.8.0_191&apos;
Driver info: org.openqa.selenium.chrome.ChromeDriver
Capabilities {acceptInsecureCerts: false, browserName: chrome, browserVersion: 93.0.4577.82, chrome: {chromedriverVersion: 93.0.4577.15 (660fc11082ba5..., userDataDir: C:\Users\sameer.sukhija\App...}, goog:chromeOptions: {debuggerAddress: localhost:54437}, javascriptEnabled: true, networkConnectionEnabled: false, pageLoadStrategy: normal, platform: WINDOWS, platformName: WINDOWS, proxy: Proxy(), setWindowRect: true, strictFileInteractability: false, timeouts: {implicit: 0, pageLoad: 300000, script: 30000}, unhandledPromptBehavior: dismiss and notify, webauthn:extension:credBlob: true, webauthn:extension:largeBlob: true, webauthn:virtualAuthenticators: true}
Session ID: eddd4c56bdb25b81ced7cb4727bdbee1
*** Element info: {Using=xpath, value=//input[@id=&apos;identifierId&apos;]}
	at org.openqa.selenium.remote.http.W3CHttpResponseCodec.createException(W3CHttpResponseCodec.java:187)
	at org.openqa.selenium.remote.http.W3CHttpResponseCodec.decode(W3CHttpResponseCodec.java:122)
	at org.openqa.selenium.remote.http.W3CHttpResponseCodec.decode(W3CHttpResponseCodec.java:49)
	at org.openqa.selenium.remote.HttpCommandExecutor.execute(HttpCommandExecutor.java:158)
	at org.openqa.selenium.remote.service.DriverCommandExecutor.execute(DriverCommandExecutor.java:83)
	at org.openqa.selenium.remote.RemoteWebDriver.execute(RemoteWebDriver.java:552)
	at org.openqa.selenium.remote.RemoteWebDriver.findElement(RemoteWebDriver.java:323)
	at org.openqa.selenium.remote.RemoteWebDriver.findElementByXPath(RemoteWebDriver.java:428)
	at org.openqa.selenium.By$ByXPath.findElement(By.java:353)
	at org.openqa.selenium.remote.RemoteWebDriver.findElement(RemoteWebDriver.java:315)
	at com.gk.test.framework.PageObject.lambda$0(PageObject.java:132)
	at org.openqa.selenium.support.ui.FluentWait.until(FluentWait.java:249)
	at com.gk.test.framework.PageObject.waitForExpectedElement(PageObject.java:102)
	at com.gk.test.page_objects.gui.HomePage.clickSignInLink(HomePage.java:18)
	at com.gk.test.step_definitions.gui.HomePageSteps.i_click_on_the_Home_Page(HomePageSteps.java:19)
	at cucumber.runtime.Utils$1.call(Utils.java:26)
	at cucumber.runtime.Timeout.timeout(Timeout.java:16)
	at cucumber.runtime.Utils.invoke(Utils.java:20)
	at cucumber.runtime.java.JavaStepDefinition.execute(JavaStepDefinition.java:57)
	at cucumber.runner.PickleStepDefinitionMatch.runStep(PickleStepDefinitionMatch.java:50)
	at cucumber.runner.TestStep.executeStep(TestStep.java:63)
	at cucumber.runner.TestStep.run(TestStep.java:49)
	at cucumber.runner.PickleStepTestStep.run(PickleStepTestStep.java:43)
	at cucumber.runner.TestCase.run(TestCase.java:45)
	at cucumber.runner.Runner.runPickle(Runner.java:40)
	at cucumber.api.testng.TestNGCucumberRunner.runScenario(TestNGCucumberRunner.java:65)
	at cucumber.api.testng.AbstractTestNGCucumberTests.runScenario(AbstractTestNGCucumberTests.java:22)
	at java.util.concurrent.FutureTask.run(Unknown Source)
	at java.util.concurrent.ThreadPoolExecutor.runWorker(Unknown Source)
	at java.util.concurrent.ThreadPoolExecutor$Worker.run(Unknown Source)
	at java.lang.Thread.run(Unknown Source)
... Removed 24 stack frames
</div> <!-- stack-trace -->
                  <em>
(Runs Cucumber Scenarios)                  </em>
                </div> <!-- method-content -->
              </div> <!-- method -->
              <div class="method">
                <div class="method-content">
                  <a name="runScenario(&quot;Negative combinations for user login scenarios&quot;, &quot;REGISTER:- As a new customer I would like to regi...)">
                  </a> <!-- runScenario("Negative combinations for user login scenarios", "REGISTER:- As a new customer I would like to regi...) -->
                  <span class="method-name">runScenario</span>
                  <span class="parameters">("Negative combinations for user login scenarios", "REGISTER:- As a new customer I would like to register so I can : -")</span>
                  <div class="stack-trace">org.openqa.selenium.TimeoutException: Expected condition failed: waiting for com.gk.test.framework.PageObject$$Lambda$210/1815136224@74d8abca (tried for 10 second(s) with 500 milliseconds interval)
	at org.openqa.selenium.support.ui.WebDriverWait.timeoutException(WebDriverWait.java:95)
	at org.openqa.selenium.support.ui.FluentWait.until(FluentWait.java:272)
	at com.gk.test.framework.PageObject.waitForExpectedElement(PageObject.java:102)
	at com.gk.test.page_objects.gui.HomePage.clickSignInLink(HomePage.java:18)
	at com.gk.test.step_definitions.gui.HomePageSteps.i_click_on_the_Home_Page(HomePageSteps.java:19)
	at ✽.i click &quot;SIGN_IN&quot; on the Home Page(file:target/test-classes/features/web/WebRegister.feature:23)
Caused by: org.openqa.selenium.NoSuchElementException: no such element: Unable to locate element: {&quot;method&quot;:&quot;xpath&quot;,&quot;selector&quot;:&quot;//input[@id=&apos;identifierId&apos;]&quot;}
  (Session info: chrome=93.0.4577.82)
For documentation on this error, please visit: https://www.seleniumhq.org/exceptions/no_such_element.html
Build info: version: &apos;3.141.59&apos;, revision: &apos;e82be7d358&apos;, time: &apos;2018-11-14T08:17:03&apos;
System info: host: &apos;LTSIPL0-SAMEER&apos;, ip: &apos;192.168.154.1&apos;, os.name: &apos;Windows 10&apos;, os.arch: &apos;amd64&apos;, os.version: &apos;10.0&apos;, java.version: &apos;1.8.0_191&apos;
Driver info: org.openqa.selenium.chrome.ChromeDriver
Capabilities {acceptInsecureCerts: false, browserName: chrome, browserVersion: 93.0.4577.82, chrome: {chromedriverVersion: 93.0.4577.15 (660fc11082ba5..., userDataDir: C:\Users\sameer.sukhija\App...}, goog:chromeOptions: {debuggerAddress: localhost:54437}, javascriptEnabled: true, networkConnectionEnabled: false, pageLoadStrategy: normal, platform: WINDOWS, platformName: WINDOWS, proxy: Proxy(), setWindowRect: true, strictFileInteractability: false, timeouts: {implicit: 0, pageLoad: 300000, script: 30000}, unhandledPromptBehavior: dismiss and notify, webauthn:extension:credBlob: true, webauthn:extension:largeBlob: true, webauthn:virtualAuthenticators: true}
Session ID: eddd4c56bdb25b81ced7cb4727bdbee1
*** Element info: {Using=xpath, value=//input[@id=&apos;identifierId&apos;]}
	at org.openqa.selenium.remote.http.W3CHttpResponseCodec.createException(W3CHttpResponseCodec.java:187)
	at org.openqa.selenium.remote.http.W3CHttpResponseCodec.decode(W3CHttpResponseCodec.java:122)
	at org.openqa.selenium.remote.http.W3CHttpResponseCodec.decode(W3CHttpResponseCodec.java:49)
	at org.openqa.selenium.remote.HttpCommandExecutor.execute(HttpCommandExecutor.java:158)
	at org.openqa.selenium.remote.service.DriverCommandExecutor.execute(DriverCommandExecutor.java:83)
	at org.openqa.selenium.remote.RemoteWebDriver.execute(RemoteWebDriver.java:552)
	at org.openqa.selenium.remote.RemoteWebDriver.findElement(RemoteWebDriver.java:323)
	at org.openqa.selenium.remote.RemoteWebDriver.findElementByXPath(RemoteWebDriver.java:428)
	at org.openqa.selenium.By$ByXPath.findElement(By.java:353)
	at org.openqa.selenium.remote.RemoteWebDriver.findElement(RemoteWebDriver.java:315)
	at com.gk.test.framework.PageObject.lambda$0(PageObject.java:132)
	at org.openqa.selenium.support.ui.FluentWait.until(FluentWait.java:249)
	at com.gk.test.framework.PageObject.waitForExpectedElement(PageObject.java:102)
	at com.gk.test.page_objects.gui.HomePage.clickSignInLink(HomePage.java:18)
	at com.gk.test.step_definitions.gui.HomePageSteps.i_click_on_the_Home_Page(HomePageSteps.java:19)
	at cucumber.runtime.Utils$1.call(Utils.java:26)
	at cucumber.runtime.Timeout.timeout(Timeout.java:16)
	at cucumber.runtime.Utils.invoke(Utils.java:20)
	at cucumber.runtime.java.JavaStepDefinition.execute(JavaStepDefinition.java:57)
	at cucumber.runner.PickleStepDefinitionMatch.runStep(PickleStepDefinitionMatch.java:50)
	at cucumber.runner.TestStep.executeStep(TestStep.java:63)
	at cucumber.runner.TestStep.run(TestStep.java:49)
	at cucumber.runner.PickleStepTestStep.run(PickleStepTestStep.java:43)
	at cucumber.runner.TestCase.run(TestCase.java:45)
	at cucumber.runner.Runner.runPickle(Runner.java:40)
	at cucumber.api.testng.TestNGCucumberRunner.runScenario(TestNGCucumberRunner.java:65)
	at cucumber.api.testng.AbstractTestNGCucumberTests.runScenario(AbstractTestNGCucumberTests.java:22)
	at java.util.concurrent.FutureTask.run(Unknown Source)
	at java.util.concurrent.ThreadPoolExecutor.runWorker(Unknown Source)
	at java.util.concurrent.ThreadPoolExecutor$Worker.run(Unknown Source)
	at java.lang.Thread.run(Unknown Source)
... Removed 24 stack frames
</div> <!-- stack-trace -->
                  <em>
(Runs Cucumber Scenarios)                  </em>
                </div> <!-- method-content -->
              </div> <!-- method -->
            </div> <!-- main-panel-content rounded-window-bottom -->
          </div> <!-- suite-run_tests_in_parallel-class-failed -->
          <div class="suite-run_tests_in_parallel-class-passed">
            <div class="main-panel-header rounded-window-top">
              <img src="passed.png"/>
              <span class="class-name">com.gk.test.RunApiATSuite</span>
            </div> <!-- main-panel-header rounded-window-top -->
            <div class="main-panel-content rounded-window-bottom">
              <div class="method">
                <div class="method-content">
                  <a name="runScenario(&quot;Get Details&quot;, &quot;Sample Api tests to demonstrate CRUD operation&quot;)">
                  </a> <!-- runScenario("Get Details", "Sample Api tests to demonstrate CRUD operation") -->
                  <span class="method-name">runScenario</span>
                  <span class="parameters">("Get Details", "Sample Api tests to demonstrate CRUD operation")</span>
                  <em>
(Runs Cucumber Scenarios)                  </em>
                </div> <!-- method-content -->
              </div> <!-- method -->
              <div class="method">
                <div class="method-content">
                  <a name="runScenario(&quot;Update an Item&quot;, &quot;Sample Api tests to demonstrate CRUD operation&quot;)">
                  </a> <!-- runScenario("Update an Item", "Sample Api tests to demonstrate CRUD operation") -->
                  <span class="method-name">runScenario</span>
                  <span class="parameters">("Update an Item", "Sample Api tests to demonstrate CRUD operation")</span>
                  <em>
(Runs Cucumber Scenarios)                  </em>
                </div> <!-- method-content -->
              </div> <!-- method -->
              <div class="method">
                <div class="method-content">
                  <a name="runScenario(&quot;Delete an Item&quot;, &quot;Sample Api tests to demonstrate CRUD operation&quot;)">
                  </a> <!-- runScenario("Delete an Item", "Sample Api tests to demonstrate CRUD operation") -->
                  <span class="method-name">runScenario</span>
                  <span class="parameters">("Delete an Item", "Sample Api tests to demonstrate CRUD operation")</span>
                  <em>
(Runs Cucumber Scenarios)                  </em>
                </div> <!-- method-content -->
              </div> <!-- method -->
              <div class="method">
                <div class="method-content">
                  <a name="runScenario(&quot;Add an Item&quot;, &quot;Sample Api tests to demonstrate CRUD operation&quot;)">
                  </a> <!-- runScenario("Add an Item", "Sample Api tests to demonstrate CRUD operation") -->
                  <span class="method-name">runScenario</span>
                  <span class="parameters">("Add an Item", "Sample Api tests to demonstrate CRUD operation")</span>
                  <em>
(Runs Cucumber Scenarios)                  </em>
                </div> <!-- method-content -->
              </div> <!-- method -->
            </div> <!-- main-panel-content rounded-window-bottom -->
          </div> <!-- suite-run_tests_in_parallel-class-passed -->
        </div> <!-- panel run_tests_in_parallel -->
        <div panel-name="test-xml-run_tests_in_parallel" class="panel">
          <div class="main-panel-header rounded-window-top">
            <span class="header-content">D:\cucumber_testng_java\src\test\resources\TestNGRunTestSuite.xml</span>
          </div> <!-- main-panel-header rounded-window-top -->
          <div class="main-panel-content rounded-window-bottom">
            <pre>
&lt;?xml version=&quot;1.0&quot; encoding=&quot;UTF-8&quot;?&gt;
&lt;!DOCTYPE suite SYSTEM &quot;http://testng.org/testng-1.0.dtd&quot;&gt;
&lt;suite thread-count=&quot;2&quot; configfailurepolicy=&quot;continue&quot; guice-stage=&quot;DEVELOPMENT&quot; name=&quot;run tests in parallel&quot; parallel=&quot;tests&quot;&gt;
  &lt;test thread-count=&quot;2&quot; name=&quot;ParallelThread1&quot; parallel=&quot;tests&quot;&gt;
    &lt;classes&gt;
      &lt;class name=&quot;com.gk.test.RunWebATSuite&quot;/&gt;
    &lt;/classes&gt;
  &lt;/test&gt; &lt;!-- ParallelThread1 --&gt;
  &lt;test thread-count=&quot;2&quot; name=&quot;ParallelThread2&quot; parallel=&quot;tests&quot;&gt;
    &lt;classes&gt;
      &lt;class name=&quot;com.gk.test.RunApiATSuite&quot;/&gt;
    &lt;/classes&gt;
  &lt;/test&gt; &lt;!-- ParallelThread2 --&gt;
&lt;/suite&gt; &lt;!-- run tests in parallel --&gt;
            </pre>
          </div> <!-- main-panel-content rounded-window-bottom -->
        </div> <!-- panel -->
        <div panel-name="testlist-run_tests_in_parallel" class="panel">
          <div class="main-panel-header rounded-window-top">
            <span class="header-content">Tests for run tests in parallel</span>
          </div> <!-- main-panel-header rounded-window-top -->
          <div class="main-panel-content rounded-window-bottom">
            <ul>
              <li>
                <span class="test-name">ParallelThread1 (1 class)</span>
              </li>
              <li>
                <span class="test-name">ParallelThread2 (1 class)</span>
              </li>
            </ul>
          </div> <!-- main-panel-content rounded-window-bottom -->
        </div> <!-- panel -->
        <div panel-name="group-run_tests_in_parallel" class="panel">
          <div class="main-panel-header rounded-window-top">
            <span class="header-content">Groups for run tests in parallel</span>
          </div> <!-- main-panel-header rounded-window-top -->
          <div class="main-panel-content rounded-window-bottom">
            <div class="test-group">
              <span class="test-group-name">cucumber</span>
              <br/>
              <div class="method-in-group">
                <span class="method-in-group-name">runScenario</span>
                <br/>
              </div> <!-- method-in-group -->
            </div> <!-- test-group -->
          </div> <!-- main-panel-content rounded-window-bottom -->
        </div> <!-- panel -->
        <div panel-name="times-run_tests_in_parallel" class="panel">
          <div class="main-panel-header rounded-window-top">
            <span class="header-content">Times for run tests in parallel</span>
          </div> <!-- main-panel-header rounded-window-top -->
          <div class="main-panel-content rounded-window-bottom">
            <div class="times-div">
              <script type="text/javascript">
suiteTableInitFunctions.push('tableData_run_tests_in_parallel');
function tableData_run_tests_in_parallel() {
var data = new google.visualization.DataTable();
data.addColumn('number', 'Number');
data.addColumn('string', 'Method');
data.addColumn('string', 'Class');
data.addColumn('number', 'Time (ms)');
data.addRows(6);
data.setCell(0, 0, 0)
data.setCell(0, 1, 'runScenario')
data.setCell(0, 2, 'com.gk.test.RunWebATSuite')
data.setCell(0, 3, 25344);
data.setCell(1, 0, 1)
data.setCell(1, 1, 'runScenario')
data.setCell(1, 2, 'com.gk.test.RunWebATSuite')
data.setCell(1, 3, 16017);
data.setCell(2, 0, 2)
data.setCell(2, 1, 'runScenario')
data.setCell(2, 2, 'com.gk.test.RunApiATSuite')
data.setCell(2, 3, 5468);
data.setCell(3, 0, 3)
data.setCell(3, 1, 'runScenario')
data.setCell(3, 2, 'com.gk.test.RunApiATSuite')
data.setCell(3, 3, 1153);
data.setCell(4, 0, 4)
data.setCell(4, 1, 'runScenario')
data.setCell(4, 2, 'com.gk.test.RunApiATSuite')
data.setCell(4, 3, 1115);
data.setCell(5, 0, 5)
data.setCell(5, 1, 'runScenario')
data.setCell(5, 2, 'com.gk.test.RunApiATSuite')
data.setCell(5, 3, 1023);
window.suiteTableData['run_tests_in_parallel']= { tableData: data, tableDiv: 'times-div-run_tests_in_parallel'}
return data;
}
              </script>
              <span class="suite-total-time">Total running time: 50 seconds</span>
              <div id="times-div-run_tests_in_parallel">
              </div> <!-- times-div-run_tests_in_parallel -->
            </div> <!-- times-div -->
          </div> <!-- main-panel-content rounded-window-bottom -->
        </div> <!-- panel -->
        <div panel-name="reporter-run_tests_in_parallel" class="panel">
          <div class="main-panel-header rounded-window-top">
            <span class="header-content">Reporter output for run tests in parallel</span>
          </div> <!-- main-panel-header rounded-window-top -->
          <div class="main-panel-content rounded-window-bottom">
          </div> <!-- main-panel-content rounded-window-bottom -->
        </div> <!-- panel -->
        <div panel-name="ignored-methods-run_tests_in_parallel" class="panel">
          <div class="main-panel-header rounded-window-top">
            <span class="header-content">0 ignored methods</span>
          </div> <!-- main-panel-header rounded-window-top -->
          <div class="main-panel-content rounded-window-bottom">
          </div> <!-- main-panel-content rounded-window-bottom -->
        </div> <!-- panel -->
        <div panel-name="chronological-run_tests_in_parallel" class="panel">
          <div class="main-panel-header rounded-window-top">
            <span class="header-content">Methods in chronological order</span>
          </div> <!-- main-panel-header rounded-window-top -->
          <div class="main-panel-content rounded-window-bottom">
            <div class="chronological-class">
              <div class="chronological-class-name">com.gk.test.RunWebATSuite</div> <!-- chronological-class-name -->
              <div class="configuration-class before">
                <span class="method-name">setUpClass</span>
                <span class="method-start">0 ms</span>
              </div> <!-- configuration-class before -->
            </div> <!-- chronological-class -->
            <div class="chronological-class">
              <div class="chronological-class-name">com.gk.test.RunApiATSuite</div> <!-- chronological-class-name -->
              <div class="configuration-class before">
                <span class="method-name">setUpClass</span>
                <span class="method-start">0 ms</span>
              </div> <!-- configuration-class before -->
              <div class="test-method">
                <span class="method-name">runScenario("Get Details", "Sample Api tests to demonstrate CRUD operation")</span>
                <span class="method-start">497 ms</span>
              </div> <!-- test-method -->
            </div> <!-- chronological-class -->
            <div class="chronological-class">
              <div class="chronological-class-name">com.gk.test.RunWebATSuite</div> <!-- chronological-class-name -->
              <div class="test-method">
                <img src="failed.png">
                </img>
                <span class="method-name">runScenario("Negative combinations for user login scenarios", "REGISTER:- As a new customer I would like to regi...)</span>
                <span class="method-start">497 ms</span>
              </div> <!-- test-method -->
            </div> <!-- chronological-class -->
            <div class="chronological-class">
              <div class="chronological-class-name">com.gk.test.RunApiATSuite</div> <!-- chronological-class-name -->
              <div class="test-method">
                <span class="method-name">runScenario("Add an Item", "Sample Api tests to demonstrate CRUD operation")</span>
                <span class="method-start">5967 ms</span>
              </div> <!-- test-method -->
              <div class="test-method">
                <span class="method-name">runScenario("Update an Item", "Sample Api tests to demonstrate CRUD operation")</span>
                <span class="method-start">7121 ms</span>
              </div> <!-- test-method -->
              <div class="test-method">
                <span class="method-name">runScenario("Delete an Item", "Sample Api tests to demonstrate CRUD operation")</span>
                <span class="method-start">8237 ms</span>
              </div> <!-- test-method -->
              <div class="configuration-class after">
                <span class="method-name">tearDownClass</span>
                <span class="method-start">9261 ms</span>
              </div> <!-- configuration-class after -->
            </div> <!-- chronological-class -->
            <div class="chronological-class">
              <div class="chronological-class-name">com.gk.test.RunWebATSuite</div> <!-- chronological-class-name -->
              <div class="test-method">
                <img src="failed.png">
                </img>
                <span class="method-name">runScenario("Negative combinations for user login scenarios", "REGISTER:- As a new customer I would like to regi...)</span>
                <span class="method-start">25997 ms</span>
              </div> <!-- test-method -->
              <div class="configuration-class after">
                <span class="method-name">tearDownClass</span>
                <span class="method-start">42016 ms</span>
              </div> <!-- configuration-class after -->
          </div> <!-- main-panel-content rounded-window-bottom -->
        </div> <!-- panel -->
      </div> <!-- main-panel-root -->
    </div> <!-- wrapper -->
  </body>
</html>
